36
0,0
1/8,0
1/4,0
3/8,0
1/2,0
5/8,0
3/4,0
7/8,0
1,0
0,1
1/8,1
1/4,1
3/8,1
1/2,1
5/8,1
3/4,1
7/8,1
1,1
1/8,7/16
0,9/16
1/4,9/16
3/8,7/16
1/2,9/16
5/8,7/16
3/4,9/16
7/8,7/16
1,9/16
1/8,5/16
0,3/16
1/4,3/16
3/8,5/16
1/2,3/16
5/8,5/16
3/4,3/16
7/8,5/16
1,3/16
24
4 27 1 0 28
4 28 27 18 19
4 19 9 10 18
4 29 2 1 27
4 27 29 20 18
4 18 10 11 20
4 30 3 2 29
4 29 30 21 20
4 20 11 12 21
4 31 4 3 30
4 30 31 22 21
4 21 12 13 22
4 32 5 4 31
4 31 32 23 22
4 22 13 14 23
4 33 6 5 32
4 32 33 24 23
4 23 14 15 24
4 34 7 6 33
4 33 34 25 24
4 24 15 16 25
4 35 8 7 34
4 34 35 26 25
4 25 16 17 26
1/4,0
1/4,1/8
1/4,0
1/4,1/8
1/4,0
1/4,1/8
1/4,0
1/4,1/8
1/4,0
0,3/8
0,1/4
0,3/8
0,1/4
0,3/8
0,1/4
0,3/8
0,1/4
0,3/8
9/16,1/4
7/16,3/8
7/16,3/8
9/16,1/4
7/16,3/8
9/16,1/4
7/16,3/8
9/16,1/4
7/16,3/8
9/16,1/8
7/16,0
7/16,0
9/16,1/8
7/16,0
9/16,1/8
7/16,0
9/16,1/8
7/16,0

