29
0,0
1,0
1,1
0,1
33/50,1
0,3/25
4/25,0
91/100,1
0,34/75
41/100,1
1,59/75
41/100,0
4/25,1
0,59/75
33/50,0
1,34/75
1,3/25
91/100,0
41/50,22/25
49/50,19/25
1,149/200
3/8,31/50
89/200,19/50
139/200,19/50
153/200,7/50
1,7/50
1/8,31/50
11/200,43/50
0,43/50
19
4 5 21 22 6
4 22 18 4 21
3 4 7 18
3 0 6 5
4 22 6 11 23
4 19 23 22 18
5 18 19 10 2 7
4 24 14 11 23
5 23 24 15 20 19
3 19 10 20
5 14 17 16 25 24
3 24 15 25
3 16 1 17
4 26 8 5 21
4 21 26 9 4
4 8 13 27 26
4 26 9 12 27
3 28 13 27
4 27 28 3 12
12/125,-16/125
63/125,-16/125
1332/3125,-1326/3125
12/25,-6/25
123/250,-82/125
0,-1/5
0,0
171/500,-57/125
4/15,0
171/500,-57/125
188/375,-78/125
3/20,-1/5
72/125,-46/125
8/15,-1/5
3/10,0
137/375,-47/125
3/5,-1/5
9/20,-1/5
3/10,-3/5
123/250,-82/125
117/250,-649/1000
5/8,-1/5
19/40,0
5/8,-1/5
19/40,0
77/125,-47/250
19/40,0
5/8,-1/5
74/125,-39/250
