50
0,0
1,0
1,1
0,1
1,1/2
0,1/2
1,1/4
0,1/4
0,3/4
1,3/4
1,1/8
0,1/8
0,3/8
1,3/8
0,7/8
1,7/8
1,5/8
0,5/8
1/8,0
1/8,1/4
1/8,1/2
1/8,1
1/8,3/4
1/4,0
3/8,1/8
1/4,1/4
1/4,1/2
3/8,3/8
1/4,1
3/8,7/8
1/4,3/4
3/8,5/8
1/2,1/8
5/8,0
5/8,1/4
1/2,3/8
5/8,1/2
1/2,7/8
5/8,1
5/8,3/4
1/2,5/8
3/4,0
7/8,1/8
3/4,1/4
3/4,1/2
7/8,3/8
3/4,1
7/8,7/8
3/4,3/4
7/8,5/8
40
4 18 23 24 11
4 24 32 33 23
4 33 41 42 32
4 42 10 1 41
3 11 18 0
4 11 19 25 24
4 24 32 34 25
4 34 43 42 32
4 42 10 6 43
3 19 7 11
4 12 20 26 27
4 27 35 36 26
4 36 44 45 35
4 45 13 4 44
3 20 5 12
4 27 12 19 25
4 25 27 35 34
4 34 43 45 35
4 45 13 6 43
3 19 7 12
4 14 21 28 29
4 29 37 38 28
4 38 46 47 37
4 47 15 2 46
3 21 3 14
4 29 14 22 30
4 30 29 37 39
4 39 48 47 37
4 47 15 9 48
3 22 8 14
4 31 17 20 26
4 26 31 40 36
4 36 44 49 40
4 49 16 4 44
3 20 5 17
4 17 22 30 31
4 31 40 39 30
4 39 48 49 40
4 49 16 9 48
3 22 8 17
1/8,1/8
1/8,1/8
1/8,1/8
1/8,1/8
1/8,1/8
1/8,1/8
1/8,1/8
1/8,1/8
1/8,1/8
1/8,1/8
0,1/8
0,1/8
0,1/8
0,1/8
0,1/8
0,1/8
0,1/8
0,1/8
1/8,0
1/8,0
1/8,0
1/8,0
1/8,0
2/8,0
3/8,1/8
2/8,0
2/8,0
3/8,1/8
2/8,0
3/8,1/8
2/8,0
3/8,1/8
3/8,2/8
1/4,3/8
1/4,3/8
3/8,2/8
1/4,3/8
3/8,2/8
1/4,3/8
1/4,3/8
3/8,2/8
1/8,3/8
0,1/4
1/8,3/8
1/8,3/8
0,1/4
1/8,3/8
0,1/4
1/8,3/8
0,1/4
