62
0,0
1,0
1,1
0,1
1,1/2
0,1/2
1,1/4
0,1/4
0,3/4
1,3/4
1,1/8
0,1/8
0,3/8
1,3/8
0,7/8
1,7/8
1,5/8
0,5/8
1/8,0
1/8,1/4
1/8,1/2
1/8,1
1/8,3/4
1/4,0
3/8,1/8
1/4,1/4
1/4,1/2
3/8,3/8
1/4,1
3/8,7/8
1/4,3/4
3/8,5/8
1/8,1/8
1/8,3/8
1/8,7/8
1/8,5/8
1/2,1/8
5/8,0
5/8,1/4
1/2,3/8
5/8,1/2
1/2,7/8
5/8,1
5/8,3/4
1/2,5/8
3/4,0
7/8,1/8
3/4,1/4
3/4,1/2
7/8,3/8
3/4,1
7/8,7/8
3/4,3/4
7/8,5/8
1/16,1/16
1/16,3/16
1/16,7/16
1/16,5/16
1/16,15/16
1/16,13/16
1/16,9/16
1/16,11/16
80
3 23 24 32
3 32 23 18
3 11 32 54
3 54 18 32
4 24 36 37 23
4 37 45 46 36
3 46 1 45
3 1 10 46
3 0 54 11
3 54 18 0
3 25 24 32
3 32 25 19
3 32 55 11
3 55 19 32
4 24 36 38 25
4 38 47 46 36
3 46 6 47
3 6 10 46
3 11 7 55
3 55 19 7
3 26 27 33
3 33 26 20
3 33 56 12
3 56 20 33
4 27 39 40 26
4 40 48 49 39
3 49 4 48
3 4 13 49
3 12 5 56
3 56 20 5
3 27 33 25
3 25 19 33
3 57 12 33
3 33 57 19
4 25 27 39 38
4 38 47 49 39
3 49 6 47
3 6 13 49
3 12 7 57
3 57 19 7
3 28 29 34
3 34 28 21
3 34 58 14
3 58 21 34
4 29 41 42 28
4 42 50 51 41
3 51 2 50
3 2 15 51
3 14 3 58
3 58 21 3
3 29 34 30
3 30 22 34
3 59 14 34
3 34 59 22
4 30 29 41 43
4 43 52 51 41
3 51 9 52
3 9 15 51
3 14 8 59
3 59 22 8
3 31 35 26
3 26 20 35
3 60 17 35
3 35 60 20
4 26 31 44 40
4 40 48 53 44
3 53 4 48
3 4 16 53
3 17 5 60
3 60 20 5
3 30 31 35
3 35 30 22
3 35 61 17
3 61 22 35
4 31 44 43 30
4 43 52 53 44
3 53 9 52
3 9 16 53
3 17 8 61
3 61 22 8
1/8,1/8
1/8,1/8
1/8,1/8
1/8,1/8
1/8,1/8
1/8,1/8
1/8,1/8
1/8,1/8
1/8,1/8
1/8,1/8
1/8,1/4
1/4,1/8
1/4,1/8
1/8,1/4
1/4,1/8
1/8,1/4
1/8,1/4
1/4,1/8
1/4,1/8
1/4,1/8
1/4,1/8
1/4,1/8
1/4,1/8
2/8,0
3/8,1/8
2/8,0
2/8,0
3/8,1/8
2/8,0
3/8,1/8
2/8,0
3/8,1/8
1/8,1/8
1/8,1/8
1/8,1/8
1/8,1/8
3/8,2/8
1/4,3/8
1/4,3/8
3/8,2/8
1/4,3/8
3/8,2/8
1/4,3/8
1/4,3/8
3/8,2/8
1/8,3/8
0,1/4
1/8,3/8
1/8,3/8
0,1/4
1/8,3/8
0,1/4
1/8,3/8
0,1/4
3/16,1/16
3/16,1/16
3/16,1/16
3/16,1/16
3/16,1/16
3/16,1/16
3/16,1/16
3/16,1/16
