45
0,0
1,0
1,1
0,1
1,1/2
0,1/2
1,1/4
0,1/4
0,3/4
1,3/4
1,1/8
0,1/8
0,3/8
1,3/8
0,7/8
1,7/8
1,5/8
0,5/8
3/16,0
5/16,1/8
3/16,1/4
3/16,1/2
5/16,3/8
3/16,1
5/16,7/8
3/16,3/4
5/16,5/8
7/16,1/8
9/16,0
9/16,1/4
7/16,3/8
9/16,1/2
7/16,7/8
9/16,1
9/16,3/4
7/16,5/8
11/16,0
13/16,1/8
11/16,1/4
11/16,1/2
13/16,3/8
11/16,1
13/16,7/8
11/16,3/4
13/16,5/8
32
4 0 18 19 11
4 19 27 28 18
4 28 36 37 27
4 37 10 1 36
4 11 7 20 19
4 19 27 29 20
4 29 38 37 27
4 37 10 6 38
4 12 5 21 22
4 22 30 31 21
4 31 39 40 30
4 40 13 4 39
4 22 12 7 20
4 20 22 30 29
4 29 38 40 30
4 40 13 6 38
4 14 3 23 24
4 24 32 33 23
4 33 41 42 32
4 42 15 2 41
4 24 14 8 25
4 25 24 32 34
4 34 43 42 32
4 42 15 9 43
4 26 17 5 21
4 21 26 35 31
4 31 39 44 35
4 44 16 4 39
4 17 8 25 26
4 26 35 34 25
4 34 43 44 35
4 44 16 9 43
0,0
1/16,1/16
1/16,1/16
0,0
1/16,1/16
0,0
1/16,1/16
0,0
0,0
1/16,1/16
-1/16,1/16
0,1/8
0,1/8
-1/16,1/16
0,1/8
-1/16,1/16
-1/16,1/16
0,1/8
3/16,0
5/16,1/8
3/16,0
3/16,0
5/16,1/8
3/16,0
5/16,1/8
3/16,0
5/16,1/8
5/16,1/4
3/16,3/8
3/16,3/8
5/16,1/4
3/16,3/8
5/16,1/4
3/16,3/8
3/16,3/8
5/16,1/4
1/16,3/8
-1/16,1/4
1/16,3/8
1/16,3/8
-1/16,1/4
1/16,3/8
-1/16,1/4
1/16,3/8
-1/16,1/4
