45
0,0
1/8,0
1/4,0
3/8,0
1/2,0
5/8,0
3/4,0
7/8,0
1,0
0,1
1/8,1
1/4,1
3/8,1
1/2,1
5/8,1
3/4,1
7/8,1
1,1
1/8,1/2
0,5/8
1/4,5/8
3/8,1/2
1/2,5/8
5/8,1/2
3/4,5/8
7/8,1/2
1,5/8
1/8,3/8
0,1/4
1/4,1/4
3/8,3/8
1/2,1/4
5/8,3/8
3/4,1/4
7/8,3/8
1,1/4
1/8,7/8
0,3/4
1/4,3/4
3/8,7/8
1/2,3/4
5/8,7/8
3/4,3/4
7/8,7/8
1,3/4
32
4 0 1 27 28
4 28 19 18 27
4 18 36 37 19
4 37 9 10 36
4 1 2 29 27
4 27 18 20 29
4 20 38 36 18
4 36 10 11 38
4 2 3 30 29
4 29 20 21 30
4 21 39 38 20
4 38 11 12 39
4 3 4 31 30
4 30 21 22 31
4 22 40 39 21
4 39 12 13 40
4 4 5 32 31
4 31 22 23 32
4 23 41 40 22
4 40 13 14 41
4 5 6 33 32
4 32 23 24 33
4 24 42 41 23
4 41 14 15 42
4 6 7 34 33
4 33 24 25 34
4 25 43 42 24
4 42 15 16 43
4 7 8 35 34
4 34 25 26 35
4 26 44 43 25
4 43 16 17 44
8000000000000000071/8,0
1000000000000000009,0
8000000000000000071/8,0
1000000000000000009,0
8000000000000000071/8,0
1000000000000000009,0
8000000000000000071/8,0
1000000000000000009,0
8000000000000000071/8,0
1000000000000000009,1/8
1000000000000000009,0
1000000000000000009,1/8
1000000000000000009,0
1000000000000000009,1/8
1000000000000000009,0
1000000000000000009,1/8
1000000000000000009,0
1000000000000000009,1/8
8000000000000000073/8,3/8
4000000000000000037/4,1/4
4000000000000000037/4,1/4
8000000000000000073/8,3/8
4000000000000000037/4,1/4
8000000000000000073/8,3/8
4000000000000000037/4,1/4
8000000000000000073/8,3/8
4000000000000000037/4,1/4
1000000000000000009,3/8
8000000000000000071/8,1/4
8000000000000000071/8,1/4
1000000000000000009,3/8
8000000000000000071/8,1/4
1000000000000000009,3/8
8000000000000000071/8,1/4
1000000000000000009,3/8
8000000000000000071/8,1/4
8000000000000000073/8,0
4000000000000000037/4,1/8
4000000000000000037/4,1/8
8000000000000000073/8,0
4000000000000000037/4,1/8
8000000000000000073/8,0
4000000000000000037/4,1/8
8000000000000000073/8,0
4000000000000000037/4,1/8

