24
0,0
1,0
1,1
0,1
3/4,0
0,3/4
1/4,1
1,1/4
1/2,0
0,1/2
1,1/2
1/2,1
0,1/4
1/4,0
3/4,1
1,3/4
3/4,1/4
1/2,1/4
3/4,1/2
1/2,1/2
1/4,1/2
1/4,1/4
1/2,3/4
3/4,3/4
18
4 19 3 5 20
4 17 20 19 16
4 4 1 16 17
4 5 20 21 9
4 21 8 17 20
3 17 4 8
3 9 12 21
4 21 8 13 12
3 12 0 13
4 3 6 22 19
4 19 16 18 22
4 18 7 1 16
4 23 11 6 22
4 18 22 23 10
3 7 10 18
3 11 14 23
4 23 10 15 14
3 14 2 15
1/4,0
3/4,0
1/4,0
-1/4,1/2
1/2,0
-1/4,1/4
-1/4,1/4
1/2,0
1/2,1/4
0,1/4
1/2,1/4
0,1/4
0,0
1/4,1/4
0,0
1/4,1/4
1/2,1/4
1/4,1/4
1/4,1/4
1/4,0
0,0
1/4,0
0,0
1/4,0
