62
0,0
1/8,0
1/4,0
3/8,0
1/2,0
5/8,0
3/4,0
7/8,0
1,0
0,1
1/8,1
1/4,1
3/8,1
1/2,1
5/8,1
3/4,1
7/8,1
1,1
1/8,5/8
0,1/2
1/4,1/2
3/8,5/8
1/2,1/2
5/8,5/8
3/4,1/2
7/8,5/8
1,1/2
1/8,7/8
0,3/4
1/8,3/8
0,1/4
1/4,3/4
1/4,1/4
3/8,7/8
3/8,3/8
1/2,3/4
1/2,1/4
5/8,7/8
5/8,3/8
3/4,3/4
3/4,1/4
7/8,7/8
7/8,3/8
1,3/4
1,1/4
1/8,23/32
1/108,41/54
0,11/14
13/54,41/54
1/4,11/14
3/8,23/32
7/27,41/54
53/108,41/54
1/2,11/14
5/8,23/32
55/108,41/54
20/27,41/54
3/4,11/14
7/8,23/32
41/54,41/54
107/108,41/54
1,11/14
48
5 18 45 46 28 19
3 46 27 45
3 28 47 46
5 46 27 10 9 47
4 19 18 29 30
4 30 0 1 29
5 20 31 48 45 18
3 45 27 48
3 49 31 48
5 48 49 11 10 27
4 18 20 32 29
4 29 1 2 32
5 21 50 51 31 20
3 51 33 50
3 31 49 51
5 51 33 12 11 49
4 20 21 34 32
4 32 2 3 34
5 22 35 52 50 21
3 50 33 52
3 53 35 52
5 52 53 13 12 33
4 21 22 36 34
4 34 3 4 36
5 23 54 55 35 22
3 55 37 54
3 35 53 55
5 55 37 14 13 53
4 22 23 38 36
4 36 4 5 38
5 24 39 56 54 23
3 54 37 56
3 57 39 56
5 56 57 15 14 37
4 23 24 40 38
4 38 5 6 40
5 25 58 59 39 24
3 59 41 58
3 39 57 59
5 59 41 16 15 57
4 24 25 42 40
4 40 6 7 42
5 26 43 60 58 25
3 58 41 60
3 61 43 60
5 60 61 17 16 41
4 25 26 44 42
4 42 7 8 44
0,0
1/8,0
0,0
1/8,0
0,0
1/8,0
0,0
1/8,0
0,0
407/898,329/898
337/898,965/3592
407/898,329/898
337/898,965/3592
407/898,329/898
337/898,965/3592
407/898,329/898
337/898,965/3592
407/898,329/898
3/8,3/8
1/4,1/4
1/4,1/4
3/8,3/8
1/4,1/4
3/8,3/8
1/4,1/4
3/8,3/8
1/4,1/4
997/3592,1245/3592
1/4,1/2
1/8,3/8
0,1/4
1/4,1/2
0,1/4
997/3592,1245/3592
1/8,3/8
1/4,1/2
0,1/4
997/3592,1245/3592
1/8,3/8
1/4,1/2
0,1/4
997/3592,1245/3592
1/8,3/8
1/4,1/2
0,1/4
3/8,15/32
7/27,55/108
2/7,1/2
7/27,55/108
2/7,1/2
3/8,15/32
7/27,55/108
7/27,55/108
2/7,1/2
3/8,15/32
7/27,55/108
7/27,55/108
2/7,1/2
3/8,15/32
7/27,55/108
7/27,55/108
2/7,1/2
