63
0,0
1/8,0
1/4,0
3/8,0
1/2,0
5/8,0
3/4,0
7/8,0
1,0
0,3/16
1/8,1/16
1/4,3/16
3/8,1/16
1/2,3/16
5/8,1/16
3/4,3/16
7/8,1/16
1,3/16
0,1/4
1/8,3/8
1/4,1/4
3/8,3/8
1/2,1/4
5/8,3/8
3/4,1/4
7/8,3/8
1,1/4
0,9/16
1/8,7/16
1/4,9/16
3/8,7/16
1/2,9/16
5/8,7/16
3/4,9/16
7/8,7/16
1,9/16
0,5/8
1/8,3/4
1/4,5/8
3/8,3/4
1/2,5/8
5/8,3/4
3/4,5/8
7/8,3/4
1,5/8
0,15/16
1/8,15/16
1/4,15/16
3/8,15/16
1/2,15/16
5/8,15/16
3/4,15/16
7/8,15/16
1,15/16
0,1
1/8,1
1/4,1
3/8,1
1/2,1
5/8,1
3/4,1
7/8,1
1,1
48
4 0 1 10 9
4 1 2 11 10
4 2 3 12 11
4 3 4 13 12
4 4 5 14 13
4 5 6 15 14
4 6 7 16 15
4 7 8 17 16
4 9 10 19 18
4 10 11 20 19
4 11 12 21 20
4 12 13 22 21
4 13 14 23 22
4 14 15 24 23
4 15 16 25 24
4 16 17 26 25
4 18 19 28 27
4 19 20 29 28
4 20 21 30 29
4 21 22 31 30
4 22 23 32 31
4 23 24 33 32
4 24 25 34 33
4 25 26 35 34
4 27 28 37 36
4 28 29 38 37
4 29 30 39 38
4 30 31 40 39
4 31 32 41 40
4 32 33 42 41
4 33 34 43 42
4 34 35 44 43
4 36 37 46 45
4 37 38 47 46
4 38 39 48 47
4 39 40 49 48
4 40 41 50 49
4 41 42 51 50
4 42 43 52 51
4 43 44 53 52
4 45 46 55 54
4 46 47 56 55
4 47 48 57 56
4 48 49 58 57
4 49 50 59 58
4 50 51 60 59
4 51 52 61 60
4 52 53 62 61
3/16,1/8
3/16,0
3/16,1/8
3/16,0
3/16,1/8
3/16,0
3/16,1/8
3/16,0
3/16,1/8
0,1/8
1/8,0
0,1/8
1/8,0
0,1/8
1/8,0
0,1/8
1/8,0
0,1/8
0,3/16
1/8,5/16
0,3/16
1/8,5/16
0,3/16
1/8,5/16
0,3/16
1/8,5/16
0,3/16
5/16,3/16
3/16,5/16
5/16,3/16
3/16,5/16
5/16,3/16
3/16,5/16
5/16,3/16
3/16,5/16
5/16,3/16
5/16,1/8
3/16,0
5/16,1/8
3/16,0
5/16,1/8
3/16,0
5/16,1/8
3/16,0
5/16,1/8
0,1/8
0,0
0,1/8
0,0
0,1/8
0,0
0,1/8
0,0
0,1/8
1/16,1/8
1/16,0
1/16,1/8
1/16,0
1/16,1/8
1/16,0
1/16,1/8
1/16,0
1/16,1/8
