28
0,0
1,0
1,1
0,1
3/16,0
0,3/16
3/16,1
0,13/16
1,13/16
13/16,1
13/16,0
1,3/16
1/4,0
0,1/4
1/8,0
0,1/8
1,1/4
3/4,0
7/8,0
1,1/8
1,3/4
3/4,1
7/8,1
1,7/8
0,3/4
1/4,1
1/8,1
0,7/8
13
4 5 13 12 4
4 16 11 10 17
4 21 9 8 20
4 24 7 6 25
8 12 17 16 20 21 25 24 13
4 10 18 19 11
3 19 1 18
4 8 23 22 9
3 22 2 23
4 6 26 27 7
3 27 3 26
4 15 14 4 5
3 14 0 15
1/16,1/16
15/16,1/16
15/16,15/16
1/16,15/16
3/16,0
0,3/16
3/16,1
0,13/16
1,13/16
13/16,1
13/16,0
1,3/16
1/4,0
0,1/4
3/16,1/16
1/16,3/16
1,1/4
3/4,0
13/16,1/16
15/16,3/16
1,3/4
3/4,1
13/16,15/16
15/16,13/16
0,3/4
1/4,1
3/16,15/16
1/16,13/16
