51
0,0
1/8,0
1/4,0
3/8,0
1/2,0
5/8,0
3/4,0
7/8,0
1,0
0,1
1/8,1
1/4,1
3/8,1
1/2,1
5/8,1
3/4,1
7/8,1
1,1
1/10,0
1/10,1
3/20,0
3/20,1
7/20,0
7/20,1
2/5,0
2/5,1
3/5,0
3/5,1
13/20,0
13/20,1
17/20,0
17/20,1
9/10,0
9/10,1
1/10,11/20
0,9/20
1/8,21/40
1/4,9/20
3/20,11/20
7/20,11/20
3/8,21/40
1/2,9/20
2/5,11/20
3/5,11/20
5/8,21/40
3/4,9/20
13/20,11/20
17/20,11/20
7/8,21/40
1,9/20
9/10,11/20
32
4 34 19 9 35
4 35 34 18 0
4 19 10 36 34
4 34 18 1 36
4 37 11 21 38
4 38 37 2 20
4 10 21 38 36
4 36 1 20 38
4 39 23 11 37
4 37 39 22 2
4 23 12 40 39
4 39 22 3 40
4 41 13 25 42
4 42 41 4 24
4 12 25 42 40
4 40 3 24 42
4 43 27 13 41
4 41 43 26 4
4 27 14 44 43
4 43 26 5 44
4 45 15 29 46
4 46 45 6 28
4 14 29 46 44
4 44 5 28 46
4 47 31 15 45
4 45 47 30 6
4 31 16 48 47
4 47 30 7 48
4 49 17 33 50
4 50 49 8 32
4 16 33 50 48
4 48 7 32 50
21/10,3
81/40,3
21/10,3
81/40,3
21/10,3
81/40,3
21/10,3
81/40,3
21/10,3
31/20,69/20
31/20,141/40
31/20,69/20
31/20,141/40
31/20,69/20
31/20,141/40
31/20,69/20
31/20,141/40
31/20,69/20
2,3
31/20,71/20
2,3
31/20,71/20
2,3
31/20,71/20
2,3
31/20,71/20
2,3
31/20,71/20
2,3
31/20,71/20
2,3
31/20,71/20
2,3
31/20,71/20
2,71/20
21/10,69/20
81/40,141/40
21/10,69/20
2,71/20
2,71/20
81/40,141/40
21/10,69/20
2,71/20
2,71/20
81/40,141/40
21/10,69/20
2,71/20
2,71/20
81/40,141/40
21/10,69/20
2,71/20

