40
0,0
1,0
1,1
0,1
1/9,0
1/9,1
2/9,1
2/9,0
1/3,0
1/3,1
4/9,1
4/9,0
5/9,0
5/9,1
2/3,1
2/3,0
7/9,0
7/9,1
8/9,1
8/9,0
1/9,2/7
0,1/3
2/9,1/3
1/3,2/7
4/9,1/3
5/9,2/7
2/3,1/3
7/9,2/7
8/9,1/3
1,2/7
0,5/8
1/9,2/3
2/9,5/8
1/3,2/3
4/9,5/8
5/9,2/3
2/3,5/8
7/9,2/3
8/9,5/8
1,2/3
27
4 0 4 20 21
4 21 30 31 20
4 31 5 3 30
4 22 7 4 20
4 20 22 32 31
4 31 5 6 32
4 7 8 23 22
4 22 32 33 23
4 33 9 6 32
4 24 11 8 23
4 23 24 34 33
4 33 9 10 34
4 11 12 25 24
4 24 34 35 25
4 35 13 10 34
4 26 15 12 25
4 25 26 36 35
4 35 13 14 36
4 15 16 27 26
4 26 36 37 27
4 37 17 14 36
4 28 19 16 27
4 27 28 38 37
4 37 17 18 38
4 19 1 29 28
4 28 38 39 29
4 39 2 18 38
7/29,38/87
83/261,15/29
217/657,128/219
18/73,48/73
83/261,15/29
217/657,128/219
18/73,48/73
7/29,38/87
83/261,15/29
217/657,128/219
18/73,48/73
7/29,38/87
83/261,15/29
217/657,128/219
18/73,48/73
7/29,38/87
83/261,15/29
217/657,128/219
18/73,48/73
7/29,38/87
1/9,5/7
0,2/3
0,2/3
1/9,5/7
0,2/3
1/9,5/7
0,2/3
1/9,5/7
0,2/3
1/9,5/7
0,3/8
1/9,1/3
0,3/8
1/9,1/3
0,3/8
1/9,1/3
0,3/8
1/9,1/3
0,3/8
1/9,1/3
