34
0,0
1/16,0
1/8,0
3/16,0
1/4,0
5/16,0
3/8,0
7/16,0
1/2,0
9/16,0
5/8,0
11/16,0
3/4,0
13/16,0
7/8,0
15/16,0
1,0
0,1
1/16,1
1/8,1
3/16,1
1/4,1
5/16,1
3/8,1
7/16,1
1/2,1
9/16,1
5/8,1
11/16,1
3/4,1
13/16,1
7/8,1
15/16,1
1,1
16
4 0 1 18 17
4 1 2 19 18
4 2 3 20 19
4 3 4 21 20
4 4 5 22 21
4 5 6 23 22
4 6 7 24 23
4 7 8 25 24
4 8 9 26 25
4 9 10 27 26
4 10 11 28 27
4 11 12 29 28
4 12 13 30 29
4 13 14 31 30
4 14 15 32 31
4 15 16 33 32
0,0
1/16,0
0,0
1/16,0
0,0
1/16,0
0,0
1/16,0
0,0
1/16,0
0,0
1/16,0
0,0
1/16,0
0,0
1/16,0
0,0
0,1
1/16,1
0,1
1/16,1
0,1
1/16,1
0,1
1/16,1
0,1
1/16,1
0,1
1/16,1
0,1
1/16,1
0,1
1/16,1
0,1
