110
0,0
1,0
1,1
0,1
1,1/2
0,1/2
1,1/4
0,1/4
0,3/4
1,3/4
1,1/8
0,1/8
0,3/8
1,3/8
0,7/8
1,7/8
1,5/8
0,5/8
1,1/16
0,1/16
0,3/16
1,3/16
0,7/16
1,7/16
1,5/16
0,5/16
0,15/16
1,15/16
1,13/16
0,13/16
1,9/16
0,9/16
0,11/16
1,11/16
3/7,0
51/112,1/16
3/7,1/8
3/7,1/4
51/112,3/16
3/7,1/2
51/112,7/16
3/7,3/8
51/112,5/16
3/7,1
51/112,15/16
3/7,7/8
51/112,13/16
3/7,3/4
51/112,9/16
3/7,5/8
51/112,11/16
2/9,0
29/144,1/16
1,13/249
8/9,0
2/9,1/8
1,145/1992
8/9,1/8
2/9,1/4
29/144,3/16
1,197/996
8/9,1/4
1,353/1992
2/9,1/2
29/144,7/16
1,223/498
8/9,1/2
2/9,3/8
1,851/1992
8/9,3/8
29/144,5/16
1,301/996
1,643/1992
2/9,1
29/144,15/16
1,236/249
8/9,1
2/9,7/8
1,1847/1992
8/9,7/8
29/144,13/16
2/9,3/4
1,799/996
8/9,3/4
1,1639/1992
29/144,9/16
1,275/498
2/9,5/8
1,1141/1992
8/9,5/8
29/144,11/16
1,695/996
1,1349/1992
7564/10467,0
56609/83736,1/16
7564/10467,1/8
7564/10467,1/4
56609/83736,3/16
7564/10467,1/2
56609/83736,7/16
7564/10467,3/8
56609/83736,5/16
7564/10467,1
56609/83736,15/16
7564/10467,7/8
56609/83736,13/16
7564/10467,3/4
56609/83736,9/16
7564/10467,5/8
56609/83736,11/16
80
4 19 52 51 0
4 51 34 35 52
3 53 1 54
5 93 54 53 18 94
4 35 94 93 34
4 52 55 11 19
4 55 36 35 52
3 56 10 57
5 95 57 56 18 94
4 35 94 95 36
4 59 58 7 20
4 58 37 38 59
3 60 6 61
5 96 61 60 21 97
4 38 97 96 37
4 55 11 20 59
4 38 59 55 36
3 62 10 57
5 57 62 21 97 95
4 95 36 38 97
4 64 63 5 22
4 63 39 40 64
3 65 4 66
5 98 66 65 23 99
4 40 99 98 39
4 67 12 22 64
4 40 64 67 41
3 68 13 69
5 69 68 23 99 100
4 100 41 40 99
4 58 7 25 70
4 42 70 58 37
3 71 6 61
5 61 71 24 101 96
4 96 37 42 101
4 70 67 12 25
4 67 41 42 70
3 72 13 69
5 100 69 72 24 101
4 42 101 100 41
4 74 73 3 26
4 73 43 44 74
3 75 2 76
5 102 76 75 27 103
4 44 103 102 43
4 77 14 26 74
4 44 74 77 45
3 78 15 79
5 79 78 27 103 104
4 104 45 44 103
4 81 8 29 80
4 46 80 81 47
3 82 9 83
5 83 82 28 105 106
4 106 47 46 105
4 80 77 14 29
4 77 45 46 80
3 84 15 79
5 104 79 84 28 105
4 46 105 104 45
4 63 5 31 85
4 48 85 63 39
3 86 4 66
5 66 86 30 107 98
4 98 39 48 107
4 85 87 17 31
4 87 49 48 85
3 88 16 89
5 108 89 88 30 107
4 48 107 108 49
4 90 81 8 32
4 81 47 50 90
3 91 9 83
5 106 83 91 33 109
4 50 109 106 47
4 87 17 32 90
4 50 90 87 49
3 92 16 89
5 89 92 33 109 108
4 108 49 50 109
-90/901,468/2703
1/29,12/29
1/29,12/29
-90/901,468/2703
1/29,12/29
-90/901,468/2703
1/29,12/29
-90/901,468/2703
-90/901,468/2703
1/29,12/29
1/29,12/29
-90/901,468/2703
-90/901,468/2703
1/29,12/29
-90/901,468/2703
1/29,12/29
1/29,12/29
-90/901,468/2703
9/145,3139/6960
-165/3604,6135/43248
-165/3604,6135/43248
9/145,3139/6960
-165/3604,6135/43248
9/145,3139/6960
9/145,3139/6960
-165/3604,6135/43248
-165/3604,6135/43248
9/145,3139/6960
9/145,3139/6960
-165/3604,6135/43248
9/145,3139/6960
-165/3604,6135/43248
-165/3604,6135/43248
9/145,3139/6960
-804/4505,26923/94605
-12873/72080,327841/1513680
-804/4505,26923/94605
-804/4505,26923/94605
-12873/72080,327841/1513680
-804/4505,26923/94605
-12873/72080,327841/1513680
-804/4505,26923/94605
-12873/72080,327841/1513680
-804/4505,26923/94605
-12873/72080,327841/1513680
-804/4505,26923/94605
-12873/72080,327841/1513680
-804/4505,26923/94605
-12873/72080,327841/1513680
-804/4505,26923/94605
-12873/72080,327841/1513680
92/8109,2964/8109
7139/129744,41025/129744
6/83,112/249
1/9,1/3
92/8109,2964/8109
6/83,112/249
1/9,1/3
92/8109,2964/8109
7139/129744,41025/129744
6/83,112/249
1/9,1/3
6/83,112/249
92/8109,2964/8109
7139/129744,41025/129744
6/83,112/249
1/9,1/3
92/8109,2964/8109
6/83,112/249
1/9,1/3
7139/129744,41025/129744
6/83,112/249
6/83,112/249
92/8109,2964/8109
7139/129744,41025/129744
6/83,112/249
1/9,1/3
92/8109,2964/8109
6/83,112/249
1/9,1/3
7139/129744,41025/129744
92/8109,2964/8109
6/83,112/249
1/9,1/3
6/83,112/249
7139/129744,41025/129744
6/83,112/249
92/8109,2964/8109
6/83,112/249
1/9,1/3
7139/129744,41025/129744
6/83,112/249
6/83,112/249
959/10467,587/3489
2017/83736,7217/55824
959/10467,587/3489
959/10467,587/3489
2017/83736,7217/55824
959/10467,587/3489
2017/83736,7217/55824
959/10467,587/3489
2017/83736,7217/55824
959/10467,587/3489
2017/83736,7217/55824
959/10467,587/3489
2017/83736,7217/55824
959/10467,587/3489
2017/83736,7217/55824
959/10467,587/3489
2017/83736,7217/55824
