74
0,0
1,0
1,1
0,1
1,1/2
0,1/2
1,1/4
0,1/4
0,3/4
1,3/4
1,1/9
0,1/8
0,3/8
1,7/18
0,7/8
1,8/9
1,11/18
0,5/8
1,1/16
0,1/15
0,114049/622032
1,198721/1244064
0,13/30
1,7/16
1,423311/1244064
0,196967/622032
0,14/15
1,15/16
1,1045343/1244064
0,507983/622032
1,9/16
0,17/30
0,425065/622032
1,820753/1244064
3/7,0
256/561,109/1683
4186545/9654713,3446078/28964139
62727/146852,1/4
1331714/2908785,1505629/8726355
3/7,1/2
256/561,1465/3366
4186545/9654713,22071983/57928278
1331714/2908785,5715097/17452710
3/7,1
256/561,1574/1683
4186545/9654713,25518061/28964139
1331714/2908785,7220726/8726355
62727/146852,3/4
256/561,1901/3366
4186545/9654713,35856295/57928278
1331714/2908785,11737613/17452710
2/8,0
92/431,567/8620
9176661/37443667,18212019/149774668
11827/45927,1/4
2402558/11173675,7967799/44694700
1,1404687/5948348
409741/430341,1/4
2/8,1/2
92/431,3743/8620
9176661/37443667,56675315/149774668
2402558/11173675,14379551/44694700
1,1569487/5948348
2/8,1
92/431,8053/8620
9176661/37443667,131562649/149774668
2402558/11173675,36726901/44694700
11827/45927,3/4
1,4543661/5948348
409741/430341,3/4
92/431,4877/8620
9176661/37443667,93099353/149774668
2402558/11173675,30315149/44694700
1,4378861/5948348
52
4 0 51 52 19
4 52 35 34 51
4 34 1 18 35
4 19 11 53 52
4 52 35 36 53
4 36 10 18 35
4 20 7 54 55
4 55 38 37 54
3 56 6 57
5 37 57 56 21 38
4 55 20 11 53
4 36 53 55 38
4 10 21 38 36
4 22 5 58 59
4 59 40 39 58
4 39 4 23 40
4 59 22 12 60
4 41 60 59 40
4 13 23 40 41
4 61 25 7 54
4 37 54 61 42
3 62 6 57
5 57 62 24 42 37
4 25 12 60 61
4 61 42 41 60
4 41 13 24 42
4 26 3 63 64
4 64 44 43 63
4 43 2 27 44
4 64 26 14 65
4 45 65 64 44
4 15 27 44 45
4 66 29 8 67
4 47 67 66 46
3 68 9 69
5 69 68 28 46 47
4 29 14 65 66
4 66 46 45 65
4 45 15 28 46
4 70 31 5 58
4 39 58 70 48
4 4 30 48 39
4 31 17 71 70
4 70 48 49 71
4 49 16 30 48
4 32 8 67 72
4 72 50 47 67
3 73 9 69
5 47 69 73 33 50
4 72 32 17 71
4 49 71 72 50
4 16 33 50 49
0,0
77/6148,2469/6148
77/6148,2469/6148
0,0
77/6148,2469/6148
0,0
2053/120292,11785/30073
-18/5185,1/20740
-18/5185,1/20740
2053/120292,11785/30073
-291051/354130948,1267612361/3187178532
-28/57601,3841/460808
-28/57601,3841/460808
-291051/354130948,1267612361/3187178532
-28/57601,3841/460808
-291051/354130948,1267612361/3187178532
-291051/354130948,1267612361/3187178532
-28/57601,3841/460808
-295/6148,9491/24592
0,1/15
-21/12959,41473/622032
-3796389/79671932,735460679/1912126368
0,1/15
-295/6148,9491/24592
-3796389/79671932,735460679/1912126368
-21/12959,41473/622032
0,1/15
-295/6148,9491/24592
-3796389/79671932,735460679/1912126368
-21/12959,41473/622032
-295/6148,9491/24592
0,1/15
-21/12959,41473/622032
-3796389/79671932,735460679/1912126368
33/212,-225/1484
193/2244,-949/6732
294954481/2046799156,-920142709/6140397468
327606/1945789,-298795/1945789
193/2244,-949/6732
33/212,-225/1484
193/2244,-949/6732
294954481/2046799156,-920142709/6140397468
193/2244,-949/6732
33/212,-225/1484
193/2244,-949/6732
294954481/2046799156,-920142709/6140397468
193/2244,-949/6732
327606/1945789,-298795/1945789
193/2244,-949/6732
294954481/2046799156,-920142709/6140397468
193/2244,-949/6732
2/8,0
92/431,567/8620
9159203/37443667,1452339/149774668
11663/45927,-145/20412
92/431,567/8620
159587/5948348,597375/1487087
87841/1721364,51375/143447
2/8,0
92/431,567/8620
9159203/37443667,1452339/149774668
92/431,567/8620
159587/5948348,597375/1487087
2/8,0
92/431,567/8620
9159203/37443667,1452339/149774668
92/431,567/8620
11663/45927,-145/20412
159587/5948348,597375/1487087
87841/1721364,51375/143447
92/431,567/8620
9159203/37443667,1452339/149774668
92/431,567/8620
159587/5948348,597375/1487087
