27
0,0
1,0
1,1
0,1
1,12/13
0,1/13
2/3,1
0,1/3
1,284/501
73/357,0
1/2,1
0,1/2
0,1/6
5/6,1
1,141/334
97/238,0
1/714,0
1,713/1002
2/5,1
2/5,9/10
17/30,9/10
17/30,11/15
128/165,11/15
1,45/143
1273/1450,243/725
1313/1450,2173/4350
1612/2175,2293/4350
16
4 18 3 11 19
3 19 18 10
4 7 11 19 20
4 20 6 10 19
4 5 12 21 22
5 22 4 2 13 21
4 20 7 12 21
4 21 20 6 13
4 23 1 15 24
3 24 23 14
4 9 15 24 25
4 25 8 14 24
5 0 16 26 22 5
4 22 4 17 26
4 25 9 16 26
4 26 25 8 17
223/870,13/1740
171/290,479/580
19/30,13/12
1/2,3/4
277/390,13/12
19/78,1/12
4/5,11/12
1/3,1/4
683/835,1801/2004
104/357,99/476
4/5,3/4
1/2,1/4
1/3,1/12
19/30,11/12
663/835,505/668
117/238,115/476
92/357,11/1428
3383/5010,1753/2004
9/10,3/4
9/10,13/20
9/10,49/60
9/10,13/20
9/10,189/220
9/10,2213/2860
9/10,13/20
9/10,49/60
9/10,13/20
