27
0,0
1,0
1,1
0,1
2/7,0
5/7,1
119/199,145/199
0,3/4
1,195/581
263/404,1033/1212
3/40,1
429739/802964,467415/802964
0,60321/124388
1,279/440
937271/1021276,0
2999/68084,1
214473/448948,1316205/1795792
215813/459748,197065/459748
2331/750460,364353/750460
1369/1760,1
1,1125/1516
35623553/52077968,4195635/6509746
1,2043315/3640964
18111233/21763340,2833251/21763340
19849/60404,6045/60404
0,1471/7718
59203/119558,0
17
3 9 5 10
4 16 15 3 7
5 15 10 9 6 16
4 24 4 0 25
5 18 12 25 24 17
3 11 17 18
4 7 16 18 12
4 18 11 6 16
3 20 2 19
5 5 19 20 13 9
3 22 8 21
5 9 6 21 22 13
3 24 4 26
5 23 14 26 24 17
3 11 17 23
5 21 23 14 1 8
4 23 11 6 21
14773/122460,20393/40820
-1239057461/14967477564,1523149437/4989159188
26203/58812,14291/19604
-109933/3287388,535357/1095796
67127/171444,33739/57148
2859331/5692596,255743/271076
123896064355/262330275012,78772042699/87443425004
680087/3287388,229929/547898
59503765/272853204,289071561/636657476
22481921/41068014,10803985/13689338
74059/8132280,145479/271076
18329661119/40812050487,20218437255/27208033658
-2652197/63064716,2683905/5255393
15635603/89455080,1832043/2981836
-4749283/39829764,1258045/3319147
-367645/17259294,6108617/11506196
80789495/227616636,265303143/303488848
35729185/116546118,16123087/19424353
-9805/242346,41475/80782
19595/44616,282881/297440
72145/384306,184881/256204
80789495/227616636,265303143/303488848
104808455/922984374,402384201/615322916
-9805/242346,41475/80782
546545/1177878,99947/196313
109085/602004,63987/200668
2823485/9325524,1245427/3108508
