36
0,0
1,0
1,1
0,1
10/19,0
9/19,1
1/4,0
1/4,1
503/720,1
193/240,0
1/8,0
1/8,1
3/8,1
3/8,0
1187/1440,1
1339/1440,0
977/1440,0
55/96,1
1/8,1/4
0,1/8
1/4,1/8
25/48,5/48
3/8,1/4
1,333/1592
651/724,421/1448
1141/1448,111/724
471/724,383/1448
0,1/2
1/8,25/56
1/4,1/2
1/2,1/2
3/8,25/56
1,1333/2406
8905/10136,4927/10136
271/362,381/724
6385/10136,4661/10136
24
4 0 10 18 19
4 19 27 28 18
4 28 11 3 27
4 20 6 10 18
4 18 20 29 28
4 28 11 7 29
4 21 4 13 22
4 22 21 30 31
4 31 12 5 30
4 6 13 22 20
4 20 29 31 22
4 31 12 7 29
4 23 1 15 24
4 24 23 32 33
4 33 14 2 32
4 9 15 24 25
4 25 34 33 24
4 33 14 8 34
4 4 16 26 21
4 21 30 35 26
4 35 17 5 30
4 25 9 16 26
4 26 25 34 35
4 35 17 8 34
0,0
165/2353,-58/2353
3487/18824,-3265/18824
359/3016,-625/3016
-6/247,-5/494
5413/57304,-11335/57304
0,0
359/3016,-625/3016
769/6032,-25133/135720
7/624,-7/260
3/26,5/104
7/3016,-245/1508
7/3016,-245/1508
3/26,5/104
187/12064,-8693/67860
493/3744,7/780
35/288,1/30
73/12064,-691/4524
1/52,29/104
-5/104,3/26
-5/104,3/26
-37/624,55/624
1/52,29/104
-6/199,253/1592
1/52,29/104
-5/104,3/26
1/52,29/104
31/104,27/104
73/364,129/364
31/104,27/104
31/104,27/104
73/364,129/364
37577/125112,10735/41704
73/364,129/364
31/104,27/104
73/364,129/364
