15
0,0
1,0
1,1
0,1
10/19,0
9/19,1
4/17,0
5/17,1
1993/3041,1
2496/3041,0
124/467,240/467
0,3/7
36326/71929,29096/71929
1,838/1737
61850/84527,45514/84527
8
4 10 7 3 11
4 11 10 6 0
4 7 5 12 10
4 10 6 4 12
4 8 2 13 14
4 14 9 1 13
4 14 8 5 12
4 12 14 9 4
5725401/7073105,1546918/7073105
941156127/1280232005,278170311/1280232005
887454/1480037,553651/1480037
257/481,197/481
17000071943/19486404275,4079119124/19486404275
29092/59755,30909/59755
1168365/1849889,689510/1849889
64748/139009,96693/139009
12049990/24866257,17380031/24866257
775254431/1265253665,440526708/1265253665
3609207/3818659,2982466/3818659
8913/8177,31063/57239
636338829/588163433,327028852/588163433
5148731/4734483,7766779/14203449
3609207/3818659,2982466/3818659
