27
0,0
1,0
1,1
0,1
1,12/13
0,1/13
2/3,1
0,1/3
1,284/501
73/357,0
1/2,1
0,1/2
0,1/6
5/6,1
1,141/334
97/238,0
1/714,0
1,713/1002
2/5,1
2/5,9/10
17/30,9/10
17/30,11/15
128/165,11/15
1,45/143
1273/1450,243/725
1313/1450,2173/4350
1612/2175,2293/4350
16
4 18 3 11 19
3 19 18 10
4 7 11 19 20
4 20 6 10 19
4 5 12 21 22
5 22 4 2 13 21
4 20 7 12 21
4 21 20 6 13
4 23 1 15 24
3 24 23 14
4 9 15 24 25
4 25 8 14 24
5 0 16 26 22 5
4 22 4 17 26
4 25 9 16 26
4 26 25 8 17
27907/22620,1193/11310
9249/7540,3729/3770
911/780,97/78
61/52,23/26
12563/10140,1291/1014
2419/2028,173/1014
1081/780,15/13
63/52,14/39
183587/130260,2484/2171
1051/884,83/273
29/20,1
71/52,11/26
199/156,8/39
961/780,85/78
62619/43420,2178/2171
1203/884,75/182
3275/2652,29/273
167627/130260,13901/13026
401/260,27/26
411/260,123/130
91/60,11/10
411/260,123/130
4291/2860,1629/1430
57003/37180,19713/18590
411/260,123/130
91/60,11/10
411/260,123/130
