36
0,0
1,0
1,1
0,1
1,12/13
0,1/13
2/3,1
0,1/3
1,284/501
73/357,0
1/2,1
0,1/2
0,1/6
5/6,1
1,141/334
97/238,0
1/714,0
1,713/1002
2/5,1
2/5,9/10
17/30,9/10
17/30,11/15
128/165,11/15
1,45/143
1273/1450,243/725
1313/1450,2173/4350
1612/2175,2293/4350
0,3/4
3/8,7/8
7/24,5/8
13/24,17/24
155/336,157/336
221/324,0
197/232,73/232
683/1160,953/3480
2479/3480,1763/3480
24
5 18 3 27 28 19
3 28 11 27
3 19 18 10
4 28 19 20 29
4 29 28 11 7
4 20 6 10 19
4 30 21 22 31
4 31 30 12 5
5 22 4 2 13 21
4 20 29 30 21
4 30 12 7 29
4 21 20 6 13
5 23 1 32 33 24
3 33 15 32
3 24 23 14
4 33 24 25 34
4 34 33 15 9
4 25 8 14 24
4 35 26 22 31
5 5 31 35 16 0
4 22 4 17 26
4 25 34 35 26
4 35 16 9 34
4 26 25 8 17
-50803/147900,-24823/73950
649/4930,61/9860
5/102,259/1020
3/34,-7/68
155/1326,3847/13260
-743/2652,-503/1326
14/51,63/340
-31/340,-94/255
2545/8517,10101/56780
-5949/40460,-11801/30345
6/17,13/340
-7/340,-37/170
-247/1020,-76/255
13/102,109/1020
979/2839,2311/56780
-257/8092,-897/4046
-41597/121380,-10151/30345
3137/17034,15263/170340
15/34,29/340
83/170,-1/340
209/510,49/340
83/170,-1/340
729/1870,679/3740
10453/24310,5167/48620
83/170,-1/340
209/510,49/340
83/170,-1/340
7/34,-11/34
65/136,-5/136
121/408,-31/136
65/136,-5/136
577/1904,-421/1904
641/2754,-271/918
65/136,-5/136
121/408,-31/136
65/136,-5/136
