36
0,0
1,0
1,1
0,1
1,1/2
0,1/2
1,3/4
0,3/4
1,1/4
0,1/4
1,6/7
0,8/9
0,11/18
1,9/14
1,1/7
0,1/9
1,5/14
0,7/18
2/8,1
91/244,107/122
1698/7426,3/4
91/244,38/61
2/8,1/2
2/8,0
91/244,15/122
1698/7426,1/4
91/244,23/61
5/9,1
2212/3967,3456/3967
182321/332724,3/4
2212/3967,4989/7934
5/9,1/2
5/9,0
2212/3967,511/3967
182321/332724,1/4
2212/3967,2945/7934
24
4 27 18 19 28
4 28 27 2 10
4 19 11 3 18
4 19 28 29 20
4 29 6 10 28
4 20 19 11 7
4 21 30 31 22
4 31 4 13 30
4 22 21 12 5
4 29 20 21 30
4 30 29 6 13
4 21 12 7 20
4 32 23 24 33
4 33 32 1 14
4 24 15 0 23
4 24 33 34 25
4 34 8 14 33
4 25 24 15 9
4 31 22 26 35
4 35 31 4 16
4 26 17 5 22
4 26 35 34 25
4 34 8 16 35
4 9 25 26 17
9/20,27/20
17337/25805,29691/25805
17337/25805,29691/25805
9/20,27/20
17337/25805,29691/25805
9/20,27/20
5563632/7886405,35842759/31545620
466669/1032980,341188/258245
5563632/7886405,35842759/31545620
466669/1032980,341188/258245
20937/25805,202282/180635
1117/2340,379/260
1117/2340,379/260
20937/25805,202282/180635
20937/25805,202282/180635
1117/2340,379/260
20937/25805,202282/180635
1117/2340,379/260
9/13,134/104
1335/1586,4369/3172
8267/12220,13136/10270
1335/1586,4369/3172
9/13,134/104
9/13,134/104
1335/1586,4369/3172
8267/12220,13136/10270
1335/1586,4369/3172
449/585,103/65
230232/257855,400936/257855
16751989/21627060,1630207/1029860
230232/257855,400936/257855
449/585,103/65
449/585,103/65
230232/257855,400936/257855
16751989/21627060,1630207/1029860
230232/257855,400936/257855
