36
0,0
1,0
1,1
0,1
1,1/2
0,1/2
1,3/4
0,3/4
1,1/4
0,1/4
1,6/7
0,8/9
0,11/18
1,9/14
1,1/7
0,1/9
1,5/14
0,7/18
2/8,1
91/244,107/122
1698/7426,3/4
91/244,38/61
2/8,1/2
2/8,0
91/244,15/122
1698/7426,1/4
91/244,23/61
5/9,1
2212/3967,3456/3967
182321/332724,3/4
2212/3967,4989/7934
5/9,1/2
5/9,0
2212/3967,511/3967
182321/332724,1/4
2212/3967,2945/7934
24
4 27 18 19 28
4 28 27 2 10
4 19 11 3 18
4 19 28 29 20
4 29 6 10 28
4 20 19 11 7
4 21 30 31 22
4 31 4 13 30
4 22 21 12 5
4 29 20 21 30
4 30 29 6 13
4 21 12 7 20
4 32 23 24 33
4 33 32 1 14
4 24 15 0 23
4 24 33 34 25
4 34 8 14 33
4 25 24 15 9
4 31 22 26 35
4 35 31 4 16
4 26 17 5 22
4 26 35 34 25
4 34 8 16 35
4 9 25 26 17
11/52,23/52
101119/335465,52963/335465
101119/335465,52963/335465
11/52,23/52
101119/335465,52963/335465
11/52,23/52
132501979/410093060,13166762/102523265
133234/671437,1118827/2685748
132501979/410093060,13166762/102523265
133234/671437,1118827/2685748
190682/469651,4063/67093
1763/6084,1057/2028
1763/6084,1057/2028
190682/469651,4063/67093
190682/469651,4063/67093
1763/6084,1057/2028
190682/469651,4063/67093
1763/6084,1057/2028
526/1352,45/169
23213/41236,5505/20618
465196/1254994,668147/2509988
23213/41236,5505/20618
526/1352,45/169
526/1352,45/169
23213/41236,5505/20618
465196/1254994,668147/2509988
23213/41236,5505/20618
919/1521,245/507
467360/670423,264136/670423
4895597/8032908,8963225/18743452
467360/670423,264136/670423
919/1521,245/507
919/1521,245/507
467360/670423,264136/670423
4895597/8032908,8963225/18743452
467360/670423,264136/670423
