15
0,0
1,0
1,1
0,1
10/19,0
9/19,1
4/17,0
5/17,1
1993/3041,1
2496/3041,0
124/467,240/467
0,3/7
36326/71929,29096/71929
1,838/1737
61850/84527,45514/84527
8
4 10 7 3 11
4 11 10 6 0
4 7 5 12 10
4 10 6 4 12
4 8 2 13 14
4 14 9 1 13
4 14 8 5 12
4 12 14 9 4
2875302/7073105,-3838424/7073105
440404519/1280232005,-643265018/1280232005
471843/1480037,-439193/1480037
2325/8177,-1888/8177
8838332756/19486404275,-11409857892/19486404275
959/3145,-6873/59755
637478/1849889,-583964/1849889
53765/139009,6229/139009
10052463/24866257,922923/24866257
6781026644/21509312305,-7002623118/21509312305
3178882/3818659,-577732/3818659
6705/8177,-24608/57239
482694324/588163433,-243697364/588163433
11649659/14203449,-2012552/4734483
3178882/3818659,-577732/3818659
