36
0,0
1/8,0
1/4,0
3/8,0
1/2,0
5/8,0
3/4,0
7/8,0
1,0
0,1/2
1/8,3/8
1/4,1/2
3/8,3/8
1/2,1/2
5/8,3/8
3/4,1/2
7/8,3/8
1,1/2
0,5/8
1/8,5/8
1/4,5/8
3/8,5/8
1/2,5/8
5/8,5/8
3/4,5/8
7/8,5/8
1,5/8
0,1
1/8,1
1/4,1
3/8,1
1/2,1
5/8,1
3/4,1
7/8,1
1,1
24
4 0 1 10 9
4 1 2 11 10
4 2 3 12 11
4 3 4 13 12
4 4 5 14 13
4 5 6 15 14
4 6 7 16 15
4 7 8 17 16
4 9 10 19 18
4 10 11 20 19 
4 11 12 21 20
4 12 13 22 21
4 13 14 23 22
4 14 15 24 23
4 15 16 25 24
4 16 17 26 25
4 18 19 28 27
4 19 20 29 28
4 20 21 30 29
4 21 22 31 30
4 22 23 32 31
4 23 24 33 32
4 24 25 34 33
4 25 26 35 34
1/8,0
1/4,0
1/8,0
1/4,0
1/8,0
1/4,0
1/8,0
1/4,0
1/8,0
1/8,1/2
1/4,3/8
1/8,1/2
1/4,3/8
1/8,1/2
1/4,3/8
1/8,1/2
1/4,3/8
1/8,1/2
0,1/2
0,3/8
0,1/2
0,3/8
0,1/2
0,3/8
0,1/2
0,3/8
0,1/2
3/8,1/2
3/8,3/8
3/8,1/2
3/8,3/8
3/8,1/2
3/8,3/8
3/8,1/2
3/8,3/8
3/8,1/2
