36
0,0
1,0
1,1
0,1
1,1/2
0,1/2
1,3/4
0,3/4
1,1/4
0,1/4
1,6/7
0,8/9
0,11/18
1,9/14
1,1/7
0,1/9
1,5/14
0,7/18
2/8,1
91/244,107/122
1698/7426,3/4
91/244,38/61
2/8,1/2
2/8,0
91/244,15/122
1698/7426,1/4
91/244,23/61
5/9,1
2212/3967,3456/3967
182321/332724,3/4
2212/3967,4989/7934
5/9,1/2
5/9,0
2212/3967,511/3967
182321/332724,1/4
2212/3967,2945/7934
24
4 27 18 19 28
4 28 27 2 10
4 19 11 3 18
4 19 28 29 20
4 29 6 10 28
4 20 19 11 7
4 21 30 31 22
4 31 4 13 30
4 22 21 12 5
4 29 20 21 30
4 30 29 6 13
4 21 12 7 20
4 32 23 24 33
4 33 32 1 14
4 24 15 0 23
4 24 33 34 25
4 34 8 14 33
4 25 24 15 9
4 31 22 26 35
4 35 31 4 16
4 26 17 5 22
4 26 35 34 25
4 34 8 16 35
4 9 25 26 17
1341/148,313/148
8911299/954785,1903373/954785
8911299/954785,1903373/954785
1341/148,313/148
8911299/954785,1903373/954785
1341/148,313/148
10936225509/1167187940,580733652/291796985
17335514/1911013,15960717/7644052
10936225509/1167187940,580733652/291796985
17335514/1911013,15960717/7644052
12665892/1336699,2683071/1336699
156773/17316,12847/5772
156773/17316,12847/5772
12665892/1336699,2683071/1336699
12665892/1336699,2683071/1336699
156773/17316,12847/5772
12665892/1336699,2683071/1336699
156773/17316,12847/5772
35826/3848,1025/481
1106163/117364,132715/58682
33212156/3571906,15124677/7143812
1106163/117364,132715/58682
35826/3848,1025/481
35826/3848,1025/481
1106163/117364,132715/58682
33212156/3571906,15124677/7143812
1106163/117364,132715/58682
1087/117,95/39
17972670/1908127,4667736/1908127
87531037/9414132,129978295/53346748
17972670/1908127,4667736/1908127
1087/117,95/39
1087/117,95/39
17972670/1908127,4667736/1908127
87531037/9414132,129978295/53346748
17972670/1908127,4667736/1908127
