36
0,0
1,0
1,1
0,1
10/19,0
9/19,1
1/4,0
1/4,1
503/720,1
193/240,0
1/8,0
1/8,1
3/8,1
3/8,0
1187/1440,1
1339/1440,0
977/1440,0
55/96,1
1/8,1/4
0,1/8
1/4,1/8
25/48,5/48
3/8,1/4
1,333/1592
651/724,421/1448
1141/1448,111/724
471/724,383/1448
0,1/2
1/8,25/56
1/4,1/2
1/2,1/2
3/8,25/56
1,1333/2406
8905/10136,4927/10136
271/362,381/724
6385/10136,4661/10136
24
4 0 10 18 19
4 19 27 28 18
4 28 11 3 27
4 20 6 10 18
4 18 20 29 28
4 28 11 7 29
4 21 4 13 22
4 22 21 30 31
4 31 12 5 30
4 6 13 22 20
4 20 29 31 22
4 31 12 7 29
4 23 1 15 24
4 24 23 32 33
4 33 14 2 32
4 9 15 24 25
4 25 34 33 24
4 33 14 8 34
4 4 16 26 21
4 21 30 35 26
4 35 17 5 30
4 25 9 16 26
4 26 25 34 35
4 35 17 8 34
1,0
3292/3077,78/3077
30849/24616,-415/24616
4825/3944,-335/3944
319/323,-15/646
89803/74936,-6985/74936
1,0
4825/3944,-335/3944
86323/70992,-1233/19720
279/272,-7/510
18/17,15/136
4357/3944,-245/1972
4357/3944,-245/1972
18/17,15/136
155209/141984,-1761/19720
1789/1632,553/6120
103/96,37/360
52129/47328,-451/3944
57/68,31/136
121/136,1/17
121/136,1/17
733/816,25/816
57/68,31/136
5927/6766,2811/27064
57/68,31/136
121/136,1/17
57/68,31/136
145/136,53/136
443/476,191/476
145/136,53/136
145/136,53/136
443/476,191/476
58317/54536,63715/163608
443/476,191/476
145/136,53/136
443/476,191/476
