15
0,0
1,0
1,1
0,1
10/19,0
9/19,1
4/17,0
5/17,1
1993/3041,1
2496/3041,0
124/467,240/467
0,3/7
36326/71929,29096/71929
1,838/1737
61850/84527,45514/84527
8
4 10 7 3 11
4 11 10 6 0
4 7 5 12 10
4 10 6 4 12
4 8 2 13 14
4 14 9 1 13
4 14 8 5 12
4 12 14 9 4
-324133/416065,-83024/416065
-61396306/75307765,-10139638/75307765
-64486/87061,5113/87061
-356/481,64/481
-868511889/1146259075,-15655308/60329425
-2346/3515,793/3515
-79093/108817,3252/108817
-4252/8177,2683/8177
-743334/1462721,457973/1462721
-958288131/1265253665,44245462/1265253665
-49199/224627,-12276/224627
-1216/3367,-992/3367
-12220123/34597849,-9729092/34597849
-33298/92833,-242680/835497
-49199/224627,-12276/224627
