36
0,0
1,0
1,1
0,1
1,12/13
0,1/13
2/3,1
0,1/3
1,284/501
73/357,0
1/2,1
0,1/2
0,1/6
5/6,1
1,141/334
97/238,0
1/714,0
1,713/1002
2/5,1
2/5,9/10
17/30,9/10
17/30,11/15
128/165,11/15
1,45/143
1273/1450,243/725
1313/1450,2173/4350
1612/2175,2293/4350
0,3/4
3/8,7/8
7/24,5/8
13/24,17/24
155/336,157/336
221/324,0
197/232,73/232
683/1160,953/3480
2479/3480,1763/3480
24
5 18 3 27 28 19
3 28 11 27
3 19 18 10
4 28 19 20 29
4 29 28 11 7
4 20 6 10 19
4 30 21 22 31
4 31 30 12 5
5 22 4 2 13 21
4 20 29 30 21
4 30 12 7 29
4 21 20 6 13
5 23 1 32 33 24
3 33 15 32
3 24 23 14
4 33 24 25 34
4 34 33 15 9
4 25 8 14 24
4 35 26 22 31
5 5 31 35 16 0
4 22 4 17 26
4 25 34 35 26
4 35 16 9 34
4 26 25 8 17
83/8700,3253/4350
171/290,479/580
19/30,13/12
1/2,3/4
277/390,13/12
7/156,53/78
4/5,11/12
13/60,3/5
683/835,1801/2004
161/1020,362/595
4/5,3/4
7/20,7/10
7/60,11/15
19/30,11/12
663/835,505/668
23/68,167/238
11/1020,1336/1785
3383/5010,1753/2004
9/10,3/4
9/10,13/20
9/10,49/60
9/10,13/20
9/10,189/220
9/10,2213/2860
9/10,13/20
9/10,49/60
9/10,13/20
1/2,1/2
7/8,5/8
5/8,13/24
7/8,5/8
71/112,61/112
29/54,83/162
7/8,5/8
5/8,13/24
7/8,5/8
