15
0,0
1,0
1,1
0,1
2/7,0
5/7,1
119/199,145/199
0,3/4
1,195/581
263/404,1033/1212
3/40,1
429739/802964,467415/802964
0,60321/124388
1,279/440
937271/1021276,0
8
3 9 5 10
5 7 3 10 9 6
4 11 4 0 12
4 12 11 6 7
4 5 2 13 9
4 9 6 8 13
3 11 4 14
5 8 1 14 11 6
953/3140,2349/3140
2786297/29521652,11221071/29521652
89/116,53/116
1681/6484,1855/6484
2587/4396,457/628
27/28,1/4
1179395/1290316,304801/1290316
2461/6484,819/1621
1551545/3767204,263157/538172
91/101,31/303
13/40,1/4
319501/401482,25952/200741
33449/124388,16443/62194
221/440,9/44
123643/1021276,154361/510638
