15
0,0
1,0
1,1
0,1
10/19,0
9/19,1
4/17,0
5/17,1
1993/3041,1
2496/3041,0
124/467,240/467
0,3/7
36326/71929,29096/71929
1,838/1737
61850/84527,45514/84527
8
4 10 7 3 11
4 11 10 6 0
4 7 5 12 10
4 10 6 4 12
4 8 2 13 14
4 14 9 1 13
4 14 8 5 12
4 12 14 9 4
16381/32005,20928/32005
2915847/5792905,4215741/5792905
4330/6697,5877/6697
25/37,35/37
44834363/88173775,52053034/88173775
144/185,3527/3515
70541/108817,92016/108817
600/629,655/629
107906/112517,115097/112517
60538947/97327205,83900366/97327205
18739/17279,9888/17279
223/259,15/37
2324713/2661373,1103766/2661373
55585/64269,8747/21423
18739/17279,9888/17279
