27
0,0
1,0
1,1
0,1
2/7,0
5/7,1
119/199,145/199
0,3/4
1,195/581
263/404,1033/1212
3/40,1
429739/802964,467415/802964
0,60321/124388
1,279/440
937271/1021276,0
2999/68084,1
214473/448948,1316205/1795792
215813/459748,197065/459748
2331/750460,364353/750460
1369/1760,1
1,1125/1516
35623553/52077968,4195635/6509746
1,2043315/3640964
18111233/21763340,2833251/21763340
19849/60404,6045/60404
0,1471/7718
59203/119558,0
17
3 9 5 10
4 16 15 3 7
5 15 10 9 6 16
4 24 4 0 25
5 18 12 25 24 17
3 11 17 18
4 7 16 18 12
4 18 11 6 16
3 20 2 19
5 5 19 20 13 9
3 22 8 21
5 9 6 21 22 13
3 24 4 26
5 23 14 26 24 17
3 11 17 23
5 21 23 14 1 8
4 23 11 6 21
953/3140,3907/9420
15736789/383781476,361116373/1151344428
1043/1508,2269/4524
13237/84292,117293/252876
2587/4396,743/1884
120641/145964,296749/437892
5262985035/6726417308,13114279381/20179251924
14851/42146,77837/252876
18411025/48973652,593423/1770132
851761/1053026,1636295/3159078
22397/104260,61541/125112
1465854883/2092925666,1611145355/3139388499
5792/36751,2365345/4851132
41459/104260,687997/1376232
9118/255319,1212455/3063828
163325/885092,661499/1327638
15497915/23345296,2934587/4377243
899845/1494181,5811931/8965086
995/6214,9125/18642
3529/4576,553/780
8885/19708,17557/29562
15497915/23345296,2934587/4377243
16866205/47332532,39756647/70998798
995/6214,9125/18642
9425/15101,26411/90606
4475/15436,10403/46308
103675/239116,181763/717348
