15
0,0
1,0
1,1
0,1
2/7,0
5/7,1
119/199,145/199
0,3/4
1,195/581
263/404,1033/1212
3/40,1
429739/802964,467415/802964
0,60321/124388
1,279/440
937271/1021276,0
8
3 9 5 10
5 7 3 10 9 6
4 11 4 0 12
4 12 11 6 7
4 5 2 13 9
4 9 6 8 13
3 11 4 14
5 8 1 14 11 6
-4497/53380,-10521/53380
-47974113/501868084,-311261643/501868084
911/1972,-465/1972
10375/110228,-68955/110228
13213/74732,-6051/74732
349/476,-155/476
15252517/21935372,-7928197/21935372
10707/110228,-10350/27557
8536383/64042468,-23998623/64042468
3847/5151,-834/1717
23/136,-213/340
4377283/6825194,-1745313/3412597
238647/2114596,-676857/1057298
519/1496,-2181/3740
-615131/17361692,-5870859/8680846
