36
0,0
1,0
1,1
0,1
10/19,0
9/19,1
1/4,0
1/4,1
503/720,1
193/240,0
1/8,0
1/8,1
3/8,1
3/8,0
1187/1440,1
1339/1440,0
977/1440,0
55/96,1
1/8,1/4
0,1/8
1/4,1/8
25/48,5/48
3/8,1/4
1,333/1592
651/724,421/1448
1141/1448,111/724
471/724,383/1448
0,1/2
1/8,25/56
1/4,1/2
1/2,1/2
3/8,25/56
1,1333/2406
8905/10136,4927/10136
271/362,381/724
6385/10136,4661/10136
24
4 0 10 18 19
4 19 27 28 18
4 28 11 3 27
4 20 6 10 18
4 18 20 29 28
4 28 11 7 29
4 21 4 13 22
4 22 21 30 31
4 31 12 5 30
4 6 13 22 20
4 20 29 31 22
4 31 12 7 29
4 23 1 15 24
4 24 23 32 33
4 33 14 2 32
4 9 15 24 25
4 25 34 33 24
4 33 14 8 34
4 4 16 26 21
4 21 30 35 26
4 35 17 5 30
4 25 9 16 26
4 26 25 34 35
4 35 17 8 34
-1,-1
-11038/11765,-11279/11765
-70599/94120,-89967/94120
-11503/15080,-15519/15080
-1243/1235,-2533/2470
-11839/15080,-298873/286520
-1,-1
-11503/15080,-15519/15080
-1052321/1357200,-228263/226200
-5053/5200,-982/975
-63/65,-457/520
-13099/15080,-8261/7540
-13099/15080,-8261/7540
-63/65,-457/520
-2410979/2714400,-240781/226200
-9653/10400,-20809/23400
-763/800,-1589/1800
-158191/180960,-16389/15080
-63/52,-85/104
-583/520,-63/65
-583/520,-63/65
-3451/3120,-3103/3120
-63/52,-85/104
-2279/1990,-7393/7960
-63/52,-85/104
-583/520,-63/65
-63/52,-85/104
-107/104,-63/104
-2117/1820,-163/260
-107/104,-63/104
-107/104,-63/104
-2117/1820,-163/260
-213883/208520,-378637/625560
-2117/1820,-163/260
-107/104,-63/104
-2117/1820,-163/260
